2025-03-06T10:07:28.696+01:00  INFO 19276 --- [g-52-shop] [main] de.aittr.g_52_shop.G52ShopApplication    : Starting G52ShopApplication using Java 23.0.2 with PID 19276 (C:\Users\lutsd\IdeaProjects\g-52-shop\g-52-shop\target\classes started by lutsd in C:\Users\lutsd\IdeaProjects\g-52-shop\g-52-shop)
2025-03-06T10:07:28.702+01:00  INFO 19276 --- [g-52-shop] [main] de.aittr.g_52_shop.G52ShopApplication    : No active profile set, falling back to 1 default profile: "default"
2025-03-06T10:07:29.445+01:00  INFO 19276 --- [g-52-shop] [main] .s.d.r.c.RepositoryConfigurationDelegate : Bootstrapping Spring Data JPA repositories in DEFAULT mode.
2025-03-06T10:07:29.508+01:00  INFO 19276 --- [g-52-shop] [main] .s.d.r.c.RepositoryConfigurationDelegate : Finished Spring Data repository scanning in 55 ms. Found 4 JPA repository interfaces.
2025-03-06T10:07:30.100+01:00  INFO 19276 --- [g-52-shop] [main] o.s.b.w.embedded.tomcat.TomcatWebServer  : Tomcat initialized with port 8080 (http)
2025-03-06T10:07:30.113+01:00  INFO 19276 --- [g-52-shop] [main] o.apache.catalina.core.StandardService   : Starting service [Tomcat]
2025-03-06T10:07:30.114+01:00  INFO 19276 --- [g-52-shop] [main] o.apache.catalina.core.StandardEngine    : Starting Servlet engine: [Apache Tomcat/10.1.36]
2025-03-06T10:07:30.164+01:00  INFO 19276 --- [g-52-shop] [main] o.a.c.c.C.[Tomcat].[localhost].[/]       : Initializing Spring embedded WebApplicationContext
2025-03-06T10:07:30.165+01:00  INFO 19276 --- [g-52-shop] [main] w.s.c.ServletWebServerApplicationContext : Root WebApplicationContext: initialization completed in 1423 ms
2025-03-06T10:07:30.314+01:00  INFO 19276 --- [g-52-shop] [main] com.zaxxer.hikari.HikariDataSource       : HikariPool-1 - Starting...
2025-03-06T10:07:30.641+01:00  INFO 19276 --- [g-52-shop] [main] com.zaxxer.hikari.pool.HikariPool        : HikariPool-1 - Added connection com.mysql.cj.jdbc.ConnectionImpl@52a67293
2025-03-06T10:07:30.643+01:00  INFO 19276 --- [g-52-shop] [main] com.zaxxer.hikari.HikariDataSource       : HikariPool-1 - Start completed.
2025-03-06T10:07:31.382+01:00  INFO 19276 --- [g-52-shop] [main] liquibase.changelog                      : Reading from g_52_shop.databasechangelog
2025-03-06T10:07:31.443+01:00  INFO 19276 --- [g-52-shop] [main] liquibase.ui                             : Database is up to date, no changesets to execute
2025-03-06T10:07:31.446+01:00  INFO 19276 --- [g-52-shop] [main] liquibase.changelog                      : Reading from g_52_shop.databasechangelog
2025-03-06T10:07:31.453+01:00  INFO 19276 --- [g-52-shop] [main] liquibase.util                           : UPDATE SUMMARY
2025-03-06T10:07:31.453+01:00  INFO 19276 --- [g-52-shop] [main] liquibase.util                           : Run:                          0
2025-03-06T10:07:31.453+01:00  INFO 19276 --- [g-52-shop] [main] liquibase.util                           : Previously run:              15
2025-03-06T10:07:31.453+01:00  INFO 19276 --- [g-52-shop] [main] liquibase.util                           : Filtered out:                 0
2025-03-06T10:07:31.453+01:00  INFO 19276 --- [g-52-shop] [main] liquibase.util                           : -------------------------------
2025-03-06T10:07:31.453+01:00  INFO 19276 --- [g-52-shop] [main] liquibase.util                           : Total change sets:           15
2025-03-06T10:07:31.454+01:00  INFO 19276 --- [g-52-shop] [main] liquibase.util                           : Update summary generated
2025-03-06T10:07:31.454+01:00  INFO 19276 --- [g-52-shop] [main] liquibase.command                        : Command execution complete
2025-03-06T10:07:31.557+01:00  INFO 19276 --- [g-52-shop] [main] o.hibernate.jpa.internal.util.LogHelper  : HHH000204: Processing PersistenceUnitInfo [name: default]
2025-03-06T10:07:31.613+01:00  INFO 19276 --- [g-52-shop] [main] org.hibernate.Version                    : HHH000412: Hibernate ORM core version 6.6.8.Final
2025-03-06T10:07:31.642+01:00  INFO 19276 --- [g-52-shop] [main] o.h.c.internal.RegionFactoryInitiator    : HHH000026: Second-level cache disabled
2025-03-06T10:07:31.877+01:00  INFO 19276 --- [g-52-shop] [main] o.s.o.j.p.SpringPersistenceUnitInfo      : No LoadTimeWeaver setup: ignoring JPA class transformer
2025-03-06T10:07:31.943+01:00  INFO 19276 --- [g-52-shop] [main] org.hibernate.orm.connections.pooling    : HHH10001005: Database info:
	Database JDBC URL [Connecting through datasource 'HikariDataSource (HikariPool-1)']
	Database driver: undefined/unknown
	Database version: 8.0.41
	Autocommit mode: undefined/unknown
	Isolation level: undefined/unknown
	Minimum pool size: undefined/unknown
	Maximum pool size: undefined/unknown
2025-03-06T10:07:32.678+01:00  INFO 19276 --- [g-52-shop] [main] o.h.e.t.j.p.i.JtaPlatformInitiator       : HHH000489: No JTA platform available (set 'hibernate.transaction.jta.platform' to enable JTA platform integration)
2025-03-06T10:07:32.680+01:00  INFO 19276 --- [g-52-shop] [main] j.LocalContainerEntityManagerFactoryBean : Initialized JPA EntityManagerFactory for persistence unit 'default'
2025-03-06T10:07:33.151+01:00  WARN 19276 --- [g-52-shop] [main] JpaBaseConfiguration$JpaWebConfiguration : spring.jpa.open-in-view is enabled by default. Therefore, database queries may be performed during view rendering. Explicitly configure spring.jpa.open-in-view to disable this warning
2025-03-06T10:07:33.170+01:00  INFO 19276 --- [g-52-shop] [main] r$InitializeUserDetailsManagerConfigurer : Global AuthenticationManager configured with UserDetailsService bean with name userServiceImpl
2025-03-06T10:07:33.488+01:00  INFO 19276 --- [g-52-shop] [main] o.s.v.b.OptionalValidatorFactoryBean     : Failed to set up a Bean Validation provider: jakarta.validation.NoProviderFoundException: Unable to create a Configuration, because no Jakarta Bean Validation provider could be found. Add a provider like Hibernate Validator (RI) to your classpath.
2025-03-06T10:07:33.726+01:00  INFO 19276 --- [g-52-shop] [main] o.s.b.w.embedded.tomcat.TomcatWebServer  : Tomcat started on port 8080 (http) with context path '/'
2025-03-06T10:07:33.733+01:00  INFO 19276 --- [g-52-shop] [main] de.aittr.g_52_shop.G52ShopApplication    : Started G52ShopApplication in 5.495 seconds (process running for 5.87)
2025-03-06T10:08:57.176+01:00  INFO 19276 --- [g-52-shop] [http-nio-8080-exec-2] o.a.c.c.C.[Tomcat].[localhost].[/]       : Initializing Spring DispatcherServlet 'dispatcherServlet'
2025-03-06T10:08:57.176+01:00  INFO 19276 --- [g-52-shop] [http-nio-8080-exec-2] o.s.web.servlet.DispatcherServlet        : Initializing Servlet 'dispatcherServlet'
2025-03-06T10:08:57.177+01:00  INFO 19276 --- [g-52-shop] [http-nio-8080-exec-2] o.s.web.servlet.DispatcherServlet        : Completed initialization in 1 ms
2025-03-06T10:08:57.457+01:00  INFO 19276 --- [g-52-shop] [http-nio-8080-exec-2] d.aittr.g_52_shop.logging.AspectLogging  : Method getById of the ProductServiceImpl successfully returned product: Продукт: ИД - 1, наименование - Ananas, цена - 500,00.
2025-03-06T10:09:05.092+01:00  WARN 19276 --- [g-52-shop] [http-nio-8080-exec-3] d.aittr.g_52_shop.logging.AspectLogging  : Method getById of the ProductServiceImpl threw an exception: Product wiht id 111 not found
2025-03-06T10:09:05.093+01:00 ERROR 19276 --- [g-52-shop] [http-nio-8080-exec-3] o.a.c.c.C.[.[.[/].[dispatcherServlet]    : Servlet.service() for servlet [dispatcherServlet] in context with path [] threw exception [Request processing failed: de.aittr.g_52_shop.exceptions.ProductNotFoundExceptions: Product wiht id 111 not found] with root cause

de.aittr.g_52_shop.exceptions.ProductNotFoundExceptions: Product wiht id 111 not found
	at de.aittr.g_52_shop.service.ProductServiceImpl.lambda$getById$0(ProductServiceImpl.java:67) ~[classes/:na]
	at java.base/java.util.Optional.orElseThrow(Optional.java:403) ~[na:na]
	at de.aittr.g_52_shop.service.ProductServiceImpl.getById(ProductServiceImpl.java:66) ~[classes/:na]
	at java.base/jdk.internal.reflect.DirectMethodHandleAccessor.invoke(DirectMethodHandleAccessor.java:103) ~[na:na]
	at java.base/java.lang.reflect.Method.invoke(Method.java:580) ~[na:na]
	at org.springframework.aop.support.AopUtils.invokeJoinpointUsingReflection(AopUtils.java:359) ~[spring-aop-6.2.3.jar:6.2.3]
	at org.springframework.aop.framework.ReflectiveMethodInvocation.invokeJoinpoint(ReflectiveMethodInvocation.java:196) ~[spring-aop-6.2.3.jar:6.2.3]
	at org.springframework.aop.framework.ReflectiveMethodInvocation.proceed(ReflectiveMethodInvocation.java:163) ~[spring-aop-6.2.3.jar:6.2.3]
	at org.springframework.aop.aspectj.AspectJAfterThrowingAdvice.invoke(AspectJAfterThrowingAdvice.java:64) ~[spring-aop-6.2.3.jar:6.2.3]
	at org.springframework.aop.framework.ReflectiveMethodInvocation.proceed(ReflectiveMethodInvocation.java:184) ~[spring-aop-6.2.3.jar:6.2.3]
	at org.springframework.aop.framework.adapter.AfterReturningAdviceInterceptor.invoke(AfterReturningAdviceInterceptor.java:57) ~[spring-aop-6.2.3.jar:6.2.3]
	at org.springframework.aop.framework.ReflectiveMethodInvocation.proceed(ReflectiveMethodInvocation.java:184) ~[spring-aop-6.2.3.jar:6.2.3]
	at org.springframework.aop.interceptor.ExposeInvocationInterceptor.invoke(ExposeInvocationInterceptor.java:97) ~[spring-aop-6.2.3.jar:6.2.3]
	at org.springframework.aop.framework.ReflectiveMethodInvocation.proceed(ReflectiveMethodInvocation.java:184) ~[spring-aop-6.2.3.jar:6.2.3]
	at org.springframework.aop.framework.CglibAopProxy$DynamicAdvisedInterceptor.intercept(CglibAopProxy.java:727) ~[spring-aop-6.2.3.jar:6.2.3]
	at de.aittr.g_52_shop.service.ProductServiceImpl$$SpringCGLIB$$0.getById(<generated>) ~[classes/:na]
	at de.aittr.g_52_shop.controller.ProductController.getById(ProductController.java:102) ~[classes/:na]
	at java.base/jdk.internal.reflect.DirectMethodHandleAccessor.invoke(DirectMethodHandleAccessor.java:103) ~[na:na]
	at java.base/java.lang.reflect.Method.invoke(Method.java:580) ~[na:na]
	at org.springframework.web.method.support.InvocableHandlerMethod.doInvoke(InvocableHandlerMethod.java:257) ~[spring-web-6.2.3.jar:6.2.3]
	at org.springframework.web.method.support.InvocableHandlerMethod.invokeForRequest(InvocableHandlerMethod.java:190) ~[spring-web-6.2.3.jar:6.2.3]
	at org.springframework.web.servlet.mvc.method.annotation.ServletInvocableHandlerMethod.invokeAndHandle(ServletInvocableHandlerMethod.java:118) ~[spring-webmvc-6.2.3.jar:6.2.3]
	at org.springframework.web.servlet.mvc.method.annotation.RequestMappingHandlerAdapter.invokeHandlerMethod(RequestMappingHandlerAdapter.java:986) ~[spring-webmvc-6.2.3.jar:6.2.3]
	at org.springframework.web.servlet.mvc.method.annotation.RequestMappingHandlerAdapter.handleInternal(RequestMappingHandlerAdapter.java:891) ~[spring-webmvc-6.2.3.jar:6.2.3]
	at org.springframework.web.servlet.mvc.method.AbstractHandlerMethodAdapter.handle(AbstractHandlerMethodAdapter.java:87) ~[spring-webmvc-6.2.3.jar:6.2.3]
	at org.springframework.web.servlet.DispatcherServlet.doDispatch(DispatcherServlet.java:1088) ~[spring-webmvc-6.2.3.jar:6.2.3]
	at org.springframework.web.servlet.DispatcherServlet.doService(DispatcherServlet.java:978) ~[spring-webmvc-6.2.3.jar:6.2.3]
	at org.springframework.web.servlet.FrameworkServlet.processRequest(FrameworkServlet.java:1014) ~[spring-webmvc-6.2.3.jar:6.2.3]
	at org.springframework.web.servlet.FrameworkServlet.doGet(FrameworkServlet.java:903) ~[spring-webmvc-6.2.3.jar:6.2.3]
	at jakarta.servlet.http.HttpServlet.service(HttpServlet.java:564) ~[tomcat-embed-core-10.1.36.jar:6.0]
	at org.springframework.web.servlet.FrameworkServlet.service(FrameworkServlet.java:885) ~[spring-webmvc-6.2.3.jar:6.2.3]
	at jakarta.servlet.http.HttpServlet.service(HttpServlet.java:658) ~[tomcat-embed-core-10.1.36.jar:6.0]
	at org.apache.catalina.core.ApplicationFilterChain.internalDoFilter(ApplicationFilterChain.java:195) ~[tomcat-embed-core-10.1.36.jar:10.1.36]
	at org.apache.catalina.core.ApplicationFilterChain.doFilter(ApplicationFilterChain.java:140) ~[tomcat-embed-core-10.1.36.jar:10.1.36]
	at org.apache.tomcat.websocket.server.WsFilter.doFilter(WsFilter.java:51) ~[tomcat-embed-websocket-10.1.36.jar:10.1.36]
	at org.apache.catalina.core.ApplicationFilterChain.internalDoFilter(ApplicationFilterChain.java:164) ~[tomcat-embed-core-10.1.36.jar:10.1.36]
	at org.apache.catalina.core.ApplicationFilterChain.doFilter(ApplicationFilterChain.java:140) ~[tomcat-embed-core-10.1.36.jar:10.1.36]
	at de.aittr.g_52_shop.security.sec_filter.TokenFilter.doFilter(TokenFilter.java:42) ~[classes/:na]
	at org.apache.catalina.core.ApplicationFilterChain.internalDoFilter(ApplicationFilterChain.java:164) ~[tomcat-embed-core-10.1.36.jar:10.1.36]
	at org.apache.catalina.core.ApplicationFilterChain.doFilter(ApplicationFilterChain.java:140) ~[tomcat-embed-core-10.1.36.jar:10.1.36]
	at org.springframework.web.filter.CompositeFilter$VirtualFilterChain.doFilter(CompositeFilter.java:108) ~[spring-web-6.2.3.jar:6.2.3]
	at org.springframework.security.web.FilterChainProxy.lambda$doFilterInternal$3(FilterChainProxy.java:231) ~[spring-security-web-6.4.3.jar:6.4.3]
	at org.springframework.security.web.FilterChainProxy$VirtualFilterChain.doFilter(FilterChainProxy.java:365) ~[spring-security-web-6.4.3.jar:6.4.3]
	at org.springframework.security.web.access.intercept.AuthorizationFilter.doFilter(AuthorizationFilter.java:101) ~[spring-security-web-6.4.3.jar:6.4.3]
	at org.springframework.security.web.FilterChainProxy$VirtualFilterChain.doFilter(FilterChainProxy.java:374) ~[spring-security-web-6.4.3.jar:6.4.3]
	at org.springframework.security.web.access.ExceptionTranslationFilter.doFilter(ExceptionTranslationFilter.java:126) ~[spring-security-web-6.4.3.jar:6.4.3]
	at org.springframework.security.web.access.ExceptionTranslationFilter.doFilter(ExceptionTranslationFilter.java:120) ~[spring-security-web-6.4.3.jar:6.4.3]
	at org.springframework.security.web.FilterChainProxy$VirtualFilterChain.doFilter(FilterChainProxy.java:374) ~[spring-security-web-6.4.3.jar:6.4.3]
	at org.springframework.security.web.session.SessionManagementFilter.doFilter(SessionManagementFilter.java:131) ~[spring-security-web-6.4.3.jar:6.4.3]
	at org.springframework.security.web.session.SessionManagementFilter.doFilter(SessionManagementFilter.java:85) ~[spring-security-web-6.4.3.jar:6.4.3]
	at org.springframework.security.web.FilterChainProxy$VirtualFilterChain.doFilter(FilterChainProxy.java:374) ~[spring-security-web-6.4.3.jar:6.4.3]
	at org.springframework.security.web.authentication.AnonymousAuthenticationFilter.doFilter(AnonymousAuthenticationFilter.java:100) ~[spring-security-web-6.4.3.jar:6.4.3]
	at org.springframework.security.web.FilterChainProxy$VirtualFilterChain.doFilter(FilterChainProxy.java:374) ~[spring-security-web-6.4.3.jar:6.4.3]
	at org.springframework.security.web.servletapi.SecurityContextHolderAwareRequestFilter.doFilter(SecurityContextHolderAwareRequestFilter.java:179) ~[spring-security-web-6.4.3.jar:6.4.3]
	at org.springframework.security.web.FilterChainProxy$VirtualFilterChain.doFilter(FilterChainProxy.java:374) ~[spring-security-web-6.4.3.jar:6.4.3]
	at org.springframework.security.web.savedrequest.RequestCacheAwareFilter.doFilter(RequestCacheAwareFilter.java:63) ~[spring-security-web-6.4.3.jar:6.4.3]
	at org.springframework.security.web.FilterChainProxy$VirtualFilterChain.doFilter(FilterChainProxy.java:374) ~[spring-security-web-6.4.3.jar:6.4.3]
	at de.aittr.g_52_shop.security.sec_filter.TokenFilter.doFilter(TokenFilter.java:42) ~[classes/:na]
	at org.springframework.security.web.FilterChainProxy$VirtualFilterChain.doFilter(FilterChainProxy.java:374) ~[spring-security-web-6.4.3.jar:6.4.3]
	at org.springframework.security.web.authentication.logout.LogoutFilter.doFilter(LogoutFilter.java:107) ~[spring-security-web-6.4.3.jar:6.4.3]
	at org.springframework.security.web.authentication.logout.LogoutFilter.doFilter(LogoutFilter.java:93) ~[spring-security-web-6.4.3.jar:6.4.3]
	at org.springframework.security.web.FilterChainProxy$VirtualFilterChain.doFilter(FilterChainProxy.java:374) ~[spring-security-web-6.4.3.jar:6.4.3]
	at org.springframework.security.web.header.HeaderWriterFilter.doHeadersAfter(HeaderWriterFilter.java:90) ~[spring-security-web-6.4.3.jar:6.4.3]
	at org.springframework.security.web.header.HeaderWriterFilter.doFilterInternal(HeaderWriterFilter.java:75) ~[spring-security-web-6.4.3.jar:6.4.3]
	at org.springframework.web.filter.OncePerRequestFilter.doFilter(OncePerRequestFilter.java:116) ~[spring-web-6.2.3.jar:6.2.3]
	at org.springframework.security.web.FilterChainProxy$VirtualFilterChain.doFilter(FilterChainProxy.java:374) ~[spring-security-web-6.4.3.jar:6.4.3]
	at org.springframework.security.web.context.SecurityContextHolderFilter.doFilter(SecurityContextHolderFilter.java:82) ~[spring-security-web-6.4.3.jar:6.4.3]
	at org.springframework.security.web.context.SecurityContextHolderFilter.doFilter(SecurityContextHolderFilter.java:69) ~[spring-security-web-6.4.3.jar:6.4.3]
	at org.springframework.security.web.FilterChainProxy$VirtualFilterChain.doFilter(FilterChainProxy.java:374) ~[spring-security-web-6.4.3.jar:6.4.3]
	at org.springframework.security.web.context.request.async.WebAsyncManagerIntegrationFilter.doFilterInternal(WebAsyncManagerIntegrationFilter.java:62) ~[spring-security-web-6.4.3.jar:6.4.3]
	at org.springframework.web.filter.OncePerRequestFilter.doFilter(OncePerRequestFilter.java:116) ~[spring-web-6.2.3.jar:6.2.3]
	at org.springframework.security.web.FilterChainProxy$VirtualFilterChain.doFilter(FilterChainProxy.java:374) ~[spring-security-web-6.4.3.jar:6.4.3]
	at org.springframework.security.web.session.DisableEncodeUrlFilter.doFilterInternal(DisableEncodeUrlFilter.java:42) ~[spring-security-web-6.4.3.jar:6.4.3]
	at org.springframework.web.filter.OncePerRequestFilter.doFilter(OncePerRequestFilter.java:116) ~[spring-web-6.2.3.jar:6.2.3]
	at org.springframework.security.web.FilterChainProxy$VirtualFilterChain.doFilter(FilterChainProxy.java:374) ~[spring-security-web-6.4.3.jar:6.4.3]
	at org.springframework.security.web.FilterChainProxy.doFilterInternal(FilterChainProxy.java:233) ~[spring-security-web-6.4.3.jar:6.4.3]
	at org.springframework.security.web.FilterChainProxy.doFilter(FilterChainProxy.java:191) ~[spring-security-web-6.4.3.jar:6.4.3]
	at org.springframework.web.filter.CompositeFilter$VirtualFilterChain.doFilter(CompositeFilter.java:113) ~[spring-web-6.2.3.jar:6.2.3]
	at org.springframework.web.servlet.handler.HandlerMappingIntrospector.lambda$createCacheFilter$3(HandlerMappingIntrospector.java:243) ~[spring-webmvc-6.2.3.jar:6.2.3]
	at org.springframework.web.filter.CompositeFilter$VirtualFilterChain.doFilter(CompositeFilter.java:113) ~[spring-web-6.2.3.jar:6.2.3]
	at org.springframework.web.filter.CompositeFilter.doFilter(CompositeFilter.java:74) ~[spring-web-6.2.3.jar:6.2.3]
	at org.springframework.security.config.annotation.web.configuration.WebMvcSecurityConfiguration$CompositeFilterChainProxy.doFilter(WebMvcSecurityConfiguration.java:238) ~[spring-security-config-6.4.3.jar:6.4.3]
	at org.springframework.web.filter.DelegatingFilterProxy.invokeDelegate(DelegatingFilterProxy.java:362) ~[spring-web-6.2.3.jar:6.2.3]
	at org.springframework.web.filter.DelegatingFilterProxy.doFilter(DelegatingFilterProxy.java:278) ~[spring-web-6.2.3.jar:6.2.3]
	at org.apache.catalina.core.ApplicationFilterChain.internalDoFilter(ApplicationFilterChain.java:164) ~[tomcat-embed-core-10.1.36.jar:10.1.36]
	at org.apache.catalina.core.ApplicationFilterChain.doFilter(ApplicationFilterChain.java:140) ~[tomcat-embed-core-10.1.36.jar:10.1.36]
	at org.springframework.web.filter.RequestContextFilter.doFilterInternal(RequestContextFilter.java:100) ~[spring-web-6.2.3.jar:6.2.3]
	at org.springframework.web.filter.OncePerRequestFilter.doFilter(OncePerRequestFilter.java:116) ~[spring-web-6.2.3.jar:6.2.3]
	at org.apache.catalina.core.ApplicationFilterChain.internalDoFilter(ApplicationFilterChain.java:164) ~[tomcat-embed-core-10.1.36.jar:10.1.36]
	at org.apache.catalina.core.ApplicationFilterChain.doFilter(ApplicationFilterChain.java:140) ~[tomcat-embed-core-10.1.36.jar:10.1.36]
	at org.springframework.web.filter.FormContentFilter.doFilterInternal(FormContentFilter.java:93) ~[spring-web-6.2.3.jar:6.2.3]
	at org.springframework.web.filter.OncePerRequestFilter.doFilter(OncePerRequestFilter.java:116) ~[spring-web-6.2.3.jar:6.2.3]
	at org.apache.catalina.core.ApplicationFilterChain.internalDoFilter(ApplicationFilterChain.java:164) ~[tomcat-embed-core-10.1.36.jar:10.1.36]
	at org.apache.catalina.core.ApplicationFilterChain.doFilter(ApplicationFilterChain.java:140) ~[tomcat-embed-core-10.1.36.jar:10.1.36]
	at org.springframework.web.filter.CharacterEncodingFilter.doFilterInternal(CharacterEncodingFilter.java:201) ~[spring-web-6.2.3.jar:6.2.3]
	at org.springframework.web.filter.OncePerRequestFilter.doFilter(OncePerRequestFilter.java:116) ~[spring-web-6.2.3.jar:6.2.3]
	at org.apache.catalina.core.ApplicationFilterChain.internalDoFilter(ApplicationFilterChain.java:164) ~[tomcat-embed-core-10.1.36.jar:10.1.36]
	at org.apache.catalina.core.ApplicationFilterChain.doFilter(ApplicationFilterChain.java:140) ~[tomcat-embed-core-10.1.36.jar:10.1.36]
	at org.apache.catalina.core.StandardWrapperValve.invoke(StandardWrapperValve.java:167) ~[tomcat-embed-core-10.1.36.jar:10.1.36]
	at org.apache.catalina.core.StandardContextValve.invoke(StandardContextValve.java:90) ~[tomcat-embed-core-10.1.36.jar:10.1.36]
	at org.apache.catalina.authenticator.AuthenticatorBase.invoke(AuthenticatorBase.java:483) ~[tomcat-embed-core-10.1.36.jar:10.1.36]
	at org.apache.catalina.core.StandardHostValve.invoke(StandardHostValve.java:115) ~[tomcat-embed-core-10.1.36.jar:10.1.36]
	at org.apache.catalina.valves.ErrorReportValve.invoke(ErrorReportValve.java:93) ~[tomcat-embed-core-10.1.36.jar:10.1.36]
	at org.apache.catalina.core.StandardEngineValve.invoke(StandardEngineValve.java:74) ~[tomcat-embed-core-10.1.36.jar:10.1.36]
	at org.apache.catalina.connector.CoyoteAdapter.service(CoyoteAdapter.java:344) ~[tomcat-embed-core-10.1.36.jar:10.1.36]
	at org.apache.coyote.http11.Http11Processor.service(Http11Processor.java:397) ~[tomcat-embed-core-10.1.36.jar:10.1.36]
	at org.apache.coyote.AbstractProcessorLight.process(AbstractProcessorLight.java:63) ~[tomcat-embed-core-10.1.36.jar:10.1.36]
	at org.apache.coyote.AbstractProtocol$ConnectionHandler.process(AbstractProtocol.java:905) ~[tomcat-embed-core-10.1.36.jar:10.1.36]
	at org.apache.tomcat.util.net.NioEndpoint$SocketProcessor.doRun(NioEndpoint.java:1743) ~[tomcat-embed-core-10.1.36.jar:10.1.36]
	at org.apache.tomcat.util.net.SocketProcessorBase.run(SocketProcessorBase.java:52) ~[tomcat-embed-core-10.1.36.jar:10.1.36]
	at org.apache.tomcat.util.threads.ThreadPoolExecutor.runWorker(ThreadPoolExecutor.java:1190) ~[tomcat-embed-core-10.1.36.jar:10.1.36]
	at org.apache.tomcat.util.threads.ThreadPoolExecutor$Worker.run(ThreadPoolExecutor.java:659) ~[tomcat-embed-core-10.1.36.jar:10.1.36]
	at org.apache.tomcat.util.threads.TaskThread$WrappingRunnable.run(TaskThread.java:63) ~[tomcat-embed-core-10.1.36.jar:10.1.36]
	at java.base/java.lang.Thread.run(Thread.java:1575) ~[na:na]

2025-03-06T10:27:23.770+01:00  INFO 19276 --- [g-52-shop] [SpringApplicationShutdownHook] o.s.b.w.e.tomcat.GracefulShutdown        : Commencing graceful shutdown. Waiting for active requests to complete
2025-03-06T10:27:23.775+01:00  INFO 19276 --- [g-52-shop] [tomcat-shutdown] o.s.b.w.e.tomcat.GracefulShutdown        : Graceful shutdown complete
2025-03-06T10:27:23.779+01:00  INFO 19276 --- [g-52-shop] [SpringApplicationShutdownHook] j.LocalContainerEntityManagerFactoryBean : Closing JPA EntityManagerFactory for persistence unit 'default'
2025-03-06T10:27:23.781+01:00  INFO 19276 --- [g-52-shop] [SpringApplicationShutdownHook] com.zaxxer.hikari.HikariDataSource       : HikariPool-1 - Shutdown initiated...
2025-03-06T10:27:23.790+01:00  INFO 19276 --- [g-52-shop] [SpringApplicationShutdownHook] com.zaxxer.hikari.HikariDataSource       : HikariPool-1 - Shutdown completed.
2025-03-06T10:27:32.747+01:00  INFO 21408 --- [g-52-shop] [main] de.aittr.g_52_shop.G52ShopApplication    : Starting G52ShopApplication using Java 23.0.2 with PID 21408 (C:\Users\lutsd\IdeaProjects\g-52-shop\g-52-shop\target\classes started by lutsd in C:\Users\lutsd\IdeaProjects\g-52-shop\g-52-shop)
2025-03-06T10:27:32.749+01:00  INFO 21408 --- [g-52-shop] [main] de.aittr.g_52_shop.G52ShopApplication    : No active profile set, falling back to 1 default profile: "default"
2025-03-06T10:27:33.471+01:00  INFO 21408 --- [g-52-shop] [main] .s.d.r.c.RepositoryConfigurationDelegate : Bootstrapping Spring Data JPA repositories in DEFAULT mode.
2025-03-06T10:27:33.533+01:00  INFO 21408 --- [g-52-shop] [main] .s.d.r.c.RepositoryConfigurationDelegate : Finished Spring Data repository scanning in 54 ms. Found 4 JPA repository interfaces.
2025-03-06T10:27:34.114+01:00  INFO 21408 --- [g-52-shop] [main] o.s.b.w.embedded.tomcat.TomcatWebServer  : Tomcat initialized with port 8080 (http)
2025-03-06T10:27:34.129+01:00  INFO 21408 --- [g-52-shop] [main] o.apache.catalina.core.StandardService   : Starting service [Tomcat]
2025-03-06T10:27:34.129+01:00  INFO 21408 --- [g-52-shop] [main] o.apache.catalina.core.StandardEngine    : Starting Servlet engine: [Apache Tomcat/10.1.36]
2025-03-06T10:27:34.181+01:00  INFO 21408 --- [g-52-shop] [main] o.a.c.c.C.[Tomcat].[localhost].[/]       : Initializing Spring embedded WebApplicationContext
2025-03-06T10:27:34.182+01:00  INFO 21408 --- [g-52-shop] [main] w.s.c.ServletWebServerApplicationContext : Root WebApplicationContext: initialization completed in 1386 ms
2025-03-06T10:27:34.310+01:00  INFO 21408 --- [g-52-shop] [main] com.zaxxer.hikari.HikariDataSource       : HikariPool-1 - Starting...
2025-03-06T10:27:34.575+01:00  INFO 21408 --- [g-52-shop] [main] com.zaxxer.hikari.pool.HikariPool        : HikariPool-1 - Added connection com.mysql.cj.jdbc.ConnectionImpl@300bb303
2025-03-06T10:27:34.577+01:00  INFO 21408 --- [g-52-shop] [main] com.zaxxer.hikari.HikariDataSource       : HikariPool-1 - Start completed.
2025-03-06T10:27:35.236+01:00  INFO 21408 --- [g-52-shop] [main] liquibase.changelog                      : Reading from g_52_shop.databasechangelog
2025-03-06T10:27:35.293+01:00  INFO 21408 --- [g-52-shop] [main] liquibase.ui                             : Database is up to date, no changesets to execute
2025-03-06T10:27:35.296+01:00  INFO 21408 --- [g-52-shop] [main] liquibase.changelog                      : Reading from g_52_shop.databasechangelog
2025-03-06T10:27:35.305+01:00  INFO 21408 --- [g-52-shop] [main] liquibase.util                           : UPDATE SUMMARY
2025-03-06T10:27:35.305+01:00  INFO 21408 --- [g-52-shop] [main] liquibase.util                           : Run:                          0
2025-03-06T10:27:35.305+01:00  INFO 21408 --- [g-52-shop] [main] liquibase.util                           : Previously run:              15
2025-03-06T10:27:35.305+01:00  INFO 21408 --- [g-52-shop] [main] liquibase.util                           : Filtered out:                 0
2025-03-06T10:27:35.305+01:00  INFO 21408 --- [g-52-shop] [main] liquibase.util                           : -------------------------------
2025-03-06T10:27:35.305+01:00  INFO 21408 --- [g-52-shop] [main] liquibase.util                           : Total change sets:           15
2025-03-06T10:27:35.307+01:00  INFO 21408 --- [g-52-shop] [main] liquibase.util                           : Update summary generated
2025-03-06T10:27:35.308+01:00  INFO 21408 --- [g-52-shop] [main] liquibase.command                        : Command execution complete
2025-03-06T10:27:35.393+01:00  INFO 21408 --- [g-52-shop] [main] o.hibernate.jpa.internal.util.LogHelper  : HHH000204: Processing PersistenceUnitInfo [name: default]
2025-03-06T10:27:35.436+01:00  INFO 21408 --- [g-52-shop] [main] org.hibernate.Version                    : HHH000412: Hibernate ORM core version 6.6.8.Final
2025-03-06T10:27:35.466+01:00  INFO 21408 --- [g-52-shop] [main] o.h.c.internal.RegionFactoryInitiator    : HHH000026: Second-level cache disabled
2025-03-06T10:27:35.672+01:00  INFO 21408 --- [g-52-shop] [main] o.s.o.j.p.SpringPersistenceUnitInfo      : No LoadTimeWeaver setup: ignoring JPA class transformer
2025-03-06T10:27:35.721+01:00  INFO 21408 --- [g-52-shop] [main] org.hibernate.orm.connections.pooling    : HHH10001005: Database info:
	Database JDBC URL [Connecting through datasource 'HikariDataSource (HikariPool-1)']
	Database driver: undefined/unknown
	Database version: 8.0.41
	Autocommit mode: undefined/unknown
	Isolation level: undefined/unknown
	Minimum pool size: undefined/unknown
	Maximum pool size: undefined/unknown
2025-03-06T10:27:36.362+01:00  INFO 21408 --- [g-52-shop] [main] o.h.e.t.j.p.i.JtaPlatformInitiator       : HHH000489: No JTA platform available (set 'hibernate.transaction.jta.platform' to enable JTA platform integration)
2025-03-06T10:27:36.364+01:00  INFO 21408 --- [g-52-shop] [main] j.LocalContainerEntityManagerFactoryBean : Initialized JPA EntityManagerFactory for persistence unit 'default'
2025-03-06T10:27:36.781+01:00  WARN 21408 --- [g-52-shop] [main] JpaBaseConfiguration$JpaWebConfiguration : spring.jpa.open-in-view is enabled by default. Therefore, database queries may be performed during view rendering. Explicitly configure spring.jpa.open-in-view to disable this warning
2025-03-06T10:27:36.799+01:00  INFO 21408 --- [g-52-shop] [main] r$InitializeUserDetailsManagerConfigurer : Global AuthenticationManager configured with UserDetailsService bean with name userServiceImpl
2025-03-06T10:27:37.104+01:00  INFO 21408 --- [g-52-shop] [main] o.s.v.b.OptionalValidatorFactoryBean     : Failed to set up a Bean Validation provider: jakarta.validation.NoProviderFoundException: Unable to create a Configuration, because no Jakarta Bean Validation provider could be found. Add a provider like Hibernate Validator (RI) to your classpath.
2025-03-06T10:27:37.325+01:00  INFO 21408 --- [g-52-shop] [main] o.s.b.w.embedded.tomcat.TomcatWebServer  : Tomcat started on port 8080 (http) with context path '/'
2025-03-06T10:27:37.331+01:00  INFO 21408 --- [g-52-shop] [main] de.aittr.g_52_shop.G52ShopApplication    : Started G52ShopApplication in 5.011 seconds (process running for 5.325)
2025-03-06T10:27:59.464+01:00  INFO 21408 --- [g-52-shop] [http-nio-8080-exec-1] o.a.c.c.C.[Tomcat].[localhost].[/]       : Initializing Spring DispatcherServlet 'dispatcherServlet'
2025-03-06T10:27:59.465+01:00  INFO 21408 --- [g-52-shop] [http-nio-8080-exec-1] o.s.web.servlet.DispatcherServlet        : Initializing Servlet 'dispatcherServlet'
2025-03-06T10:27:59.466+01:00  INFO 21408 --- [g-52-shop] [http-nio-8080-exec-1] o.s.web.servlet.DispatcherServlet        : Completed initialization in 0 ms
2025-03-06T10:27:59.748+01:00  WARN 21408 --- [g-52-shop] [http-nio-8080-exec-1] d.aittr.g_52_shop.logging.AspectLogging  : Method getById of the ProductServiceImpl threw an exception: Product wiht id 111 not found
2025-03-06T11:13:46.190+01:00  INFO 21408 --- [g-52-shop] [SpringApplicationShutdownHook] o.s.b.w.e.tomcat.GracefulShutdown        : Commencing graceful shutdown. Waiting for active requests to complete
2025-03-06T11:13:46.195+01:00  INFO 21408 --- [g-52-shop] [tomcat-shutdown] o.s.b.w.e.tomcat.GracefulShutdown        : Graceful shutdown complete
2025-03-06T11:13:46.199+01:00  INFO 21408 --- [g-52-shop] [SpringApplicationShutdownHook] j.LocalContainerEntityManagerFactoryBean : Closing JPA EntityManagerFactory for persistence unit 'default'
2025-03-06T11:13:46.200+01:00  INFO 21408 --- [g-52-shop] [SpringApplicationShutdownHook] com.zaxxer.hikari.HikariDataSource       : HikariPool-1 - Shutdown initiated...
2025-03-06T11:13:46.207+01:00  INFO 21408 --- [g-52-shop] [SpringApplicationShutdownHook] com.zaxxer.hikari.HikariDataSource       : HikariPool-1 - Shutdown completed.
2025-03-06T17:37:29.484+01:00  INFO 25160 --- [g-52-shop] [main] de.aittr.g_52_shop.G52ShopApplication    : Starting G52ShopApplication using Java 23.0.2 with PID 25160 (C:\Users\lutsd\IdeaProjects\g-52-shop\g-52-shop\target\classes started by lutsd in C:\Users\lutsd\IdeaProjects\g-52-shop\g-52-shop)
2025-03-06T17:37:29.485+01:00  INFO 25160 --- [g-52-shop] [main] de.aittr.g_52_shop.G52ShopApplication    : No active profile set, falling back to 1 default profile: "default"
2025-03-06T17:37:30.185+01:00  INFO 25160 --- [g-52-shop] [main] .s.d.r.c.RepositoryConfigurationDelegate : Bootstrapping Spring Data JPA repositories in DEFAULT mode.
2025-03-06T17:37:30.243+01:00  INFO 25160 --- [g-52-shop] [main] .s.d.r.c.RepositoryConfigurationDelegate : Finished Spring Data repository scanning in 50 ms. Found 4 JPA repository interfaces.
2025-03-06T17:37:30.825+01:00  INFO 25160 --- [g-52-shop] [main] o.s.b.w.embedded.tomcat.TomcatWebServer  : Tomcat initialized with port 8080 (http)
2025-03-06T17:37:30.838+01:00  INFO 25160 --- [g-52-shop] [main] o.apache.catalina.core.StandardService   : Starting service [Tomcat]
2025-03-06T17:37:30.838+01:00  INFO 25160 --- [g-52-shop] [main] o.apache.catalina.core.StandardEngine    : Starting Servlet engine: [Apache Tomcat/10.1.36]
2025-03-06T17:37:30.893+01:00  INFO 25160 --- [g-52-shop] [main] o.a.c.c.C.[Tomcat].[localhost].[/]       : Initializing Spring embedded WebApplicationContext
2025-03-06T17:37:30.893+01:00  INFO 25160 --- [g-52-shop] [main] w.s.c.ServletWebServerApplicationContext : Root WebApplicationContext: initialization completed in 1367 ms
2025-03-06T17:37:31.010+01:00  INFO 25160 --- [g-52-shop] [main] com.zaxxer.hikari.HikariDataSource       : HikariPool-1 - Starting...
2025-03-06T17:37:31.291+01:00  INFO 25160 --- [g-52-shop] [main] com.zaxxer.hikari.pool.HikariPool        : HikariPool-1 - Added connection com.mysql.cj.jdbc.ConnectionImpl@2af9a5ef
2025-03-06T17:37:31.293+01:00  INFO 25160 --- [g-52-shop] [main] com.zaxxer.hikari.HikariDataSource       : HikariPool-1 - Start completed.
2025-03-06T17:37:31.956+01:00  INFO 25160 --- [g-52-shop] [main] liquibase.changelog                      : Reading from g_52_shop.databasechangelog
2025-03-06T17:37:31.999+01:00  INFO 25160 --- [g-52-shop] [main] liquibase.ui                             : Database is up to date, no changesets to execute
2025-03-06T17:37:32.000+01:00  INFO 25160 --- [g-52-shop] [main] liquibase.changelog                      : Reading from g_52_shop.databasechangelog
2025-03-06T17:37:32.008+01:00  INFO 25160 --- [g-52-shop] [main] liquibase.util                           : UPDATE SUMMARY
2025-03-06T17:37:32.009+01:00  INFO 25160 --- [g-52-shop] [main] liquibase.util                           : Run:                          0
2025-03-06T17:37:32.009+01:00  INFO 25160 --- [g-52-shop] [main] liquibase.util                           : Previously run:              15
2025-03-06T17:37:32.009+01:00  INFO 25160 --- [g-52-shop] [main] liquibase.util                           : Filtered out:                 0
2025-03-06T17:37:32.009+01:00  INFO 25160 --- [g-52-shop] [main] liquibase.util                           : -------------------------------
2025-03-06T17:37:32.009+01:00  INFO 25160 --- [g-52-shop] [main] liquibase.util                           : Total change sets:           15
2025-03-06T17:37:32.009+01:00  INFO 25160 --- [g-52-shop] [main] liquibase.util                           : Update summary generated
2025-03-06T17:37:32.010+01:00  INFO 25160 --- [g-52-shop] [main] liquibase.command                        : Command execution complete
2025-03-06T17:37:32.088+01:00  INFO 25160 --- [g-52-shop] [main] o.hibernate.jpa.internal.util.LogHelper  : HHH000204: Processing PersistenceUnitInfo [name: default]
2025-03-06T17:37:32.127+01:00  INFO 25160 --- [g-52-shop] [main] org.hibernate.Version                    : HHH000412: Hibernate ORM core version 6.6.8.Final
2025-03-06T17:37:32.152+01:00  INFO 25160 --- [g-52-shop] [main] o.h.c.internal.RegionFactoryInitiator    : HHH000026: Second-level cache disabled
2025-03-06T17:37:32.345+01:00  INFO 25160 --- [g-52-shop] [main] o.s.o.j.p.SpringPersistenceUnitInfo      : No LoadTimeWeaver setup: ignoring JPA class transformer
2025-03-06T17:37:32.393+01:00  INFO 25160 --- [g-52-shop] [main] org.hibernate.orm.connections.pooling    : HHH10001005: Database info:
	Database JDBC URL [Connecting through datasource 'HikariDataSource (HikariPool-1)']
	Database driver: undefined/unknown
	Database version: 8.0.41
	Autocommit mode: undefined/unknown
	Isolation level: undefined/unknown
	Minimum pool size: undefined/unknown
	Maximum pool size: undefined/unknown
2025-03-06T17:37:33.112+01:00  INFO 25160 --- [g-52-shop] [main] o.h.e.t.j.p.i.JtaPlatformInitiator       : HHH000489: No JTA platform available (set 'hibernate.transaction.jta.platform' to enable JTA platform integration)
2025-03-06T17:37:33.114+01:00  INFO 25160 --- [g-52-shop] [main] j.LocalContainerEntityManagerFactoryBean : Initialized JPA EntityManagerFactory for persistence unit 'default'
2025-03-06T17:37:33.532+01:00  WARN 25160 --- [g-52-shop] [main] JpaBaseConfiguration$JpaWebConfiguration : spring.jpa.open-in-view is enabled by default. Therefore, database queries may be performed during view rendering. Explicitly configure spring.jpa.open-in-view to disable this warning
2025-03-06T17:37:33.551+01:00  INFO 25160 --- [g-52-shop] [main] r$InitializeUserDetailsManagerConfigurer : Global AuthenticationManager configured with UserDetailsService bean with name userServiceImpl
2025-03-06T17:37:34.138+01:00  INFO 25160 --- [g-52-shop] [main] o.s.b.w.embedded.tomcat.TomcatWebServer  : Tomcat started on port 8080 (http) with context path '/'
2025-03-06T17:37:34.145+01:00  INFO 25160 --- [g-52-shop] [main] de.aittr.g_52_shop.G52ShopApplication    : Started G52ShopApplication in 5.079 seconds (process running for 5.419)
2025-03-06T17:37:51.635+01:00  INFO 25160 --- [g-52-shop] [SpringApplicationShutdownHook] o.s.b.w.e.tomcat.GracefulShutdown        : Commencing graceful shutdown. Waiting for active requests to complete
2025-03-06T17:37:51.642+01:00  INFO 25160 --- [g-52-shop] [tomcat-shutdown] o.s.b.w.e.tomcat.GracefulShutdown        : Graceful shutdown complete
2025-03-06T17:37:51.645+01:00  INFO 25160 --- [g-52-shop] [SpringApplicationShutdownHook] j.LocalContainerEntityManagerFactoryBean : Closing JPA EntityManagerFactory for persistence unit 'default'
2025-03-06T17:37:51.647+01:00  INFO 25160 --- [g-52-shop] [SpringApplicationShutdownHook] com.zaxxer.hikari.HikariDataSource       : HikariPool-1 - Shutdown initiated...
2025-03-06T17:37:51.660+01:00  INFO 25160 --- [g-52-shop] [SpringApplicationShutdownHook] com.zaxxer.hikari.HikariDataSource       : HikariPool-1 - Shutdown completed.
